<?xml version="1.0" encoding="UTF-8"?>
<!-- Generated by org.testng.reporters.JUnitXMLReporter -->
<testsuite hostname="P5-H7W2N62" name="Test" tests="2" failures="1" timestamp="16 May 2018 07:10:15 GMT" time="0.053" errors="0">
  <testcase name="f" time="0.006" classname="org.seleniumAdvanced.NewTest"/>
  <testcase name="test2" time="0.003" classname="org.seleniumAdvanced.NewTest1">
    <failure type="java.lang.ArithmeticException" message="/ by zero">
      <![CDATA[java.lang.ArithmeticException: / by zero
	at org.seleniumAdvanced.NewTest1.test2(NewTest1.java:14)
... Removed 24 stack frames]]>
    </failure>
  </testcase> <!-- test2 -->
</testsuite> <!-- Test -->
